<?xml version="1.0" encoding="UTF-8"?>
<coverage generated="1594412832323" clover="3.2.0">
  <project timestamp="1594412832324" name="All files">
    <metrics statements="30" coveredstatements="30" conditionals="6" coveredconditionals="6" methods="8" coveredmethods="8" elements="44" coveredelements="44" complexity="0" loc="30" ncloc="30" packages="1" files="3" classes="3"/>
    <file name="Itinerary.js" path="/home/samtovey13/Projects/cruise-ships/src/Itinerary.js">
      <metrics statements="2" coveredstatements="2" conditionals="0" coveredconditionals="0" methods="1" coveredmethods="1"/>
      <line num="2" count="13" type="stmt"/>
      <line num="5" count="2" type="stmt"/>
    </file>
    <file name="Port.js" path="/home/samtovey13/Projects/cruise-ships/src/Port.js">
      <metrics statements="8" coveredstatements="8" conditionals="0" coveredconditionals="0" methods="4" coveredmethods="4"/>
      <line num="2" count="25" type="stmt"/>
      <line num="3" count="25" type="stmt"/>
      <line num="6" count="3" type="stmt"/>
      <line num="7" count="17" type="stmt"/>
      <line num="9" count="3" type="stmt"/>
      <line num="10" count="6" type="stmt"/>
      <line num="11" count="6" type="stmt"/>
      <line num="14" count="3" type="stmt"/>
    </file>
    <file name="Ship.js" path="/home/samtovey13/Projects/cruise-ships/src/Ship.js">
      <metrics statements="20" coveredstatements="20" conditionals="6" coveredconditionals="6" methods="3" coveredmethods="3"/>
      <line num="2" count="13" type="stmt"/>
      <line num="3" count="13" type="stmt"/>
      <line num="4" count="13" type="stmt"/>
      <line num="5" count="13" type="stmt"/>
      <line num="6" count="13" type="stmt"/>
      <line num="9" count="1" type="stmt"/>
      <line num="10" count="6" type="cond" truecount="2" falsecount="0"/>
      <line num="11" count="1" type="stmt"/>
      <line num="13" count="5" type="cond" truecount="2" falsecount="0"/>
      <line num="14" count="1" type="stmt"/>
      <line num="16" count="4" type="stmt"/>
      <line num="17" count="4" type="stmt"/>
      <line num="18" count="4" type="stmt"/>
      <line num="21" count="1" type="stmt"/>
      <line num="22" count="3" type="cond" truecount="2" falsecount="0"/>
      <line num="23" count="1" type="stmt"/>
      <line num="25" count="2" type="stmt"/>
      <line num="26" count="2" type="stmt"/>
      <line num="27" count="2" type="stmt"/>
      <line num="31" count="1" type="stmt"/>
    </file>
  </project>
</coverage>
