{"/home/samtovey13/Projects/cruise-ships/src/Itinerary.js": {"path":"/home/samtovey13/Projects/cruise-ships/src/Itinerary.js","statementMap":{"0":{"start":{"line":2,"column":4},"end":{"line":2,"column":23}},"1":{"start":{"line":5,"column":0},"end":{"line":7,"column":2}}},"fnMap":{"0":{"name":"Itinerary","decl":{"start":{"line":1,"column":9},"end":{"line":1,"column":18}},"loc":{"start":{"line":1,"column":26},"end":{"line":3,"column":1}},"line":1}},"branchMap":{},"s":{"0":2,"1":1},"f":{"0":2},"b":{},"_coverageSchema":"1a1c01bbd47fc00a2c39e90264f33305004495a9","hash":"8cdbd495d97106505c4ce1010714e5bd07599f00"}
,"/home/samtovey13/Projects/cruise-ships/src/Port.js": {"path":"/home/samtovey13/Projects/cruise-ships/src/Port.js","statementMap":{"0":{"start":{"line":2,"column":4},"end":{"line":2,"column":21}},"1":{"start":{"line":5,"column":0},"end":{"line":7,"column":2}}},"fnMap":{"0":{"name":"Port","decl":{"start":{"line":1,"column":9},"end":{"line":1,"column":13}},"loc":{"start":{"line":1,"column":20},"end":{"line":3,"column":1}},"line":1}},"branchMap":{},"s":{"0":4,"1":3},"f":{"0":4},"b":{},"_coverageSchema":"1a1c01bbd47fc00a2c39e90264f33305004495a9","hash":"bde3537210ec5932b49cc702f50f5525a0ee8ac7"}
,"/home/samtovey13/Projects/cruise-ships/src/Ship.js": {"path":"/home/samtovey13/Projects/cruise-ships/src/Ship.js","statementMap":{"0":{"start":{"line":2,"column":4},"end":{"line":2,"column":35}},"1":{"start":{"line":3,"column":4},"end":{"line":3,"column":29}},"2":{"start":{"line":6,"column":0},"end":{"line":9,"column":2}},"3":{"start":{"line":7,"column":4},"end":{"line":7,"column":41}},"4":{"start":{"line":8,"column":4},"end":{"line":8,"column":28}},"5":{"start":{"line":11,"column":0},"end":{"line":13,"column":1}},"6":{"start":{"line":12,"column":4},"end":{"line":12,"column":28}},"7":{"start":{"line":16,"column":0},"end":{"line":18,"column":2}}},"fnMap":{"0":{"name":"Ship","decl":{"start":{"line":1,"column":9},"end":{"line":1,"column":13}},"loc":{"start":{"line":1,"column":27},"end":{"line":4,"column":1}},"line":1},"1":{"name":"(anonymous_1)","decl":{"start":{"line":6,"column":25},"end":{"line":6,"column":26}},"loc":{"start":{"line":6,"column":36},"end":{"line":9,"column":1}},"line":6},"2":{"name":"(anonymous_2)","decl":{"start":{"line":11,"column":22},"end":{"line":11,"column":23}},"loc":{"start":{"line":11,"column":37},"end":{"line":13,"column":1}},"line":11}},"branchMap":{},"s":{"0":2,"1":2,"2":1,"3":1,"4":1,"5":1,"6":1,"7":1},"f":{"0":2,"1":1,"2":1},"b":{},"_coverageSchema":"1a1c01bbd47fc00a2c39e90264f33305004495a9","hash":"338ceb901e99d1c82e65d968ae914935895968fc"}
}
