TN:
SF:src/Itinerary.js
FN:1,Itinerary
FNF:1
FNH:1
FNDA:13,Itinerary
DA:2,13
DA:5,2
LF:2
LH:2
BRF:0
BRH:0
end_of_record
TN:
SF:src/Port.js
FN:1,Port
FN:6,(anonymous_1)
FN:9,(anonymous_2)
FN:10,(anonymous_3)
FNF:4
FNH:4
FNDA:25,Port
FNDA:17,(anonymous_1)
FNDA:6,(anonymous_2)
FNDA:6,(anonymous_3)
DA:2,25
DA:3,25
DA:6,3
DA:7,17
DA:9,3
DA:10,6
DA:11,6
DA:14,3
LF:8
LH:8
BRF:0
BRH:0
end_of_record
TN:
SF:src/Ship.js
FN:1,Ship
FN:9,(anonymous_1)
FN:21,(anonymous_2)
FNF:3
FNH:3
FNDA:13,Ship
FNDA:6,(anonymous_1)
FNDA:3,(anonymous_2)
DA:2,13
DA:3,13
DA:4,13
DA:5,13
DA:6,13
DA:9,1
DA:10,6
DA:11,1
DA:13,5
DA:14,1
DA:16,4
DA:17,4
DA:18,4
DA:21,1
DA:22,3
DA:23,1
DA:25,2
DA:26,2
DA:27,2
DA:31,1
LF:20
LH:20
BRDA:10,0,0,1
BRDA:10,0,1,5
BRDA:13,1,0,1
BRDA:13,1,1,4
BRDA:22,2,0,1
BRDA:22,2,1,2
BRF:6
BRH:6
end_of_record
